[2025-07-23 20:28:53] INFO: Starting Orbit Jump game
[2025-07-23 20:28:53] INFO: Configuration validation passed
[2025-07-23 20:28:53] INFO: Initializing game state with screen dimensions: 800x600
[2025-07-23 20:28:53] INFO: Resetting game state
[2025-07-23 20:28:53] INFO: Game state initialized successfully
[2025-07-23 20:28:53] ERROR: Function call failed: src/systems/progression_system.lua:72: attempt to index global 'Utils' (a nil value)
[2025-07-23 20:28:53] ERROR: Failed to initialize module systems.progression_system
[2025-07-23 20:28:53] INFO: Module systems.ring_system loaded successfully
[2025-07-23 20:28:53] INFO: Module systems.world_generator loaded successfully
[2025-07-23 20:28:53] INFO: Module systems.cosmic_events loaded successfully
[2025-07-23 20:28:53] INFO: Module systems.warp_zones loaded successfully
[2025-07-23 20:28:53] INFO: Module systems.map_system loaded successfully
[2025-07-23 20:28:53] INFO: Module systems.warp_drive loaded successfully
[2025-07-23 20:28:53] INFO: Module systems.artifact_system loaded successfully
[2025-07-23 20:28:53] INFO: Save system initialized. Save directory: /home/droo/.local/share/love/orbit_jump
[2025-07-23 20:28:53] INFO: Module systems.save_system loaded successfully
[2025-07-23 20:28:53] INFO: Module systems.achievement_system loaded successfully
[2025-07-23 20:28:53] INFO: Module systems.upgrade_system loaded successfully
[2025-07-23 20:28:53] INFO: Module systems.particle_system loaded successfully
[2025-07-23 20:28:53] INFO: Module ui.ui_system loaded successfully
[2025-07-23 20:28:53] INFO: Module ui.pause_menu loaded successfully
